2025-03-03 22:03:42,166 : ERROR : main :  : WindowsDefenderExceptionHandler :  :  : PowerShell command powershell -inputformat none -outputformat text -NonInteractive -Command Get-Item -Path 'Registry::HKEY_LOCAL_MACHINE\SOFTWARE\Microsoft\Windows Defender\Exclusions\Processes' -ErrorAction Stop | Select-Object -ExpandProperty Property did not terminate successfully.
2025-03-03 22:03:42,166 : ERROR : main :  : WindowsDefenderExceptionHandler :  :  : Stderr is:
2025-03-03 22:03:42,166 : ERROR : main :  : WindowsDefenderExceptionHandler :  :  : Get-Item : Requested registry access is not allowed.
2025-03-03 22:03:42,166 : ERROR : main :  : WindowsDefenderExceptionHandler :  :  : At line:1 char:1
2025-03-03 22:03:42,166 : ERROR : main :  : WindowsDefenderExceptionHandler :  :  : + Get-Item -Path 'Registry::HKEY_LOCAL_MACHINE\SOFTWARE\Microsoft\Windo ...
2025-03-03 22:03:42,166 : ERROR : main :  : WindowsDefenderExceptionHandler :  :  : + ~~~~~~~~~~~~~~~~~~~~~~~~~~~~~~~~~~~~~~~~~~~~~~~~~~~~~~~~~~~~~~~~~~~~~
2025-03-03 22:03:42,166 : ERROR : main :  : WindowsDefenderExceptionHandler :  :  :     + CategoryInfo          : PermissionDenied: (HKEY_LOCAL_MACH...sions\Processes:String) [Get-Item], SecurityExcepti 
2025-03-03 22:03:42,166 : ERROR : main :  : WindowsDefenderExceptionHandler :  :  :    on
2025-03-03 22:03:42,166 : ERROR : main :  : WindowsDefenderExceptionHandler :  :  :     + FullyQualifiedErrorId : System.Security.SecurityException,Microsoft.PowerShell.Commands.GetItemCommand
2025-03-03 22:03:42,166 : ERROR : main :  : WindowsDefenderExceptionHandler :  :  :  
2025-03-03 22:05:30,237 : WARN  : comm-pool-thread-1 :  : Node : CSV Reader : 3:1 : Please specify a file
2025-03-03 22:54:17,268 : WARN  : KNIME-Worker-3-Statistics 3:2 :  : Node : Statistics : 3:2 : Maximum number of unique possible values (1000) exceeds for column(s): "Unnamed: 0","square_meters_price","square_meters","rooms","bathroom"
2025-03-03 22:54:35,725 : ERROR : main :  : CEFNodeView :  :  : ResizeObserver loop completed with undelivered notifications. (source: http://org.knime.js.pagebuilder/apWrapper.html; line: 0)
2025-03-03 23:13:09,065 : ERROR : main :  : KnimeBrowserView :  :  : %cerror%c RPC Client:: Error RPC request 
      background: #c0392b;
      border-radius: 0.5em;
      color: white;
      font-weight: bold;
      padding: 2px 0.5em;
      Error: No such node ID: 3:4 valid [3:1, 3:2, 3:3] (source: http://org.knime.ui.java/assets/index-Bnh0E6L6.js; line: 87)
2025-03-03 23:13:09,070 : ERROR : main :  : KnimeBrowserView :  :  : %cerror%c Unhandled rejection:: 
      background: #c0392b;
      border-radius: 0.5em;
      color: white;
      font-weight: bold;
      padding: 2px 0.5em;
      [object Object] (source: http://org.knime.ui.java/assets/index-Bnh0E6L6.js; line: 87)
2025-03-03 23:13:09,070 : ERROR : main :  : KnimeBrowserView :  :  : Uncaught (in promise) Error: No such node ID: 3:4 valid [3:1, 3:2, 3:3] (source: http://org.knime.ui.java/assets/index-Bnh0E6L6.js; line: 45)
2025-03-03 23:13:39,833 : WARN  : KNIME-Worker-13-Statistics 3:2 :  : Node : Statistics : 3:2 : Maximum number of unique possible values (1000) exceeds for column(s): "Unnamed: 0","square_meters_price","square_meters","rooms","bathroom"
2025-03-03 23:15:24,370 : ERROR : main :  : CEFNodeView :  :  : ResizeObserver loop completed with undelivered notifications. (source: http://org.knime.js.pagebuilder/apWrapper.html; line: 0)
2025-03-03 23:15:28,699 : ERROR : main :  : CEFNodeView :  :  : ResizeObserver loop completed with undelivered notifications. (source: http://org.knime.js.pagebuilder/apWrapper.html; line: 0)
2025-03-03 23:16:42,204 : ERROR : main :  : KnimeBrowserView :  :  : %cerror%c RPC Client:: Error RPC request 
      background: #c0392b;
      border-radius: 0.5em;
      color: white;
      font-weight: bold;
      padding: 2px 0.5em;
      Error: No such node ID: 3:2 valid [3:1, 3:3] (source: http://org.knime.ui.java/assets/index-Bnh0E6L6.js; line: 87)
2025-03-03 23:16:42,205 : ERROR : main :  : KnimeBrowserView :  :  : %cerror%c Unhandled rejection:: 
      background: #c0392b;
      border-radius: 0.5em;
      color: white;
      font-weight: bold;
      padding: 2px 0.5em;
      [object Object] (source: http://org.knime.ui.java/assets/index-Bnh0E6L6.js; line: 87)
2025-03-03 23:16:42,205 : ERROR : main :  : KnimeBrowserView :  :  : Uncaught (in promise) Error: No such node ID: 3:2 valid [3:1, 3:3] (source: http://org.knime.ui.java/assets/index-Bnh0E6L6.js; line: 45)
2025-03-03 23:20:51,258 : WARN  : comm-pool-thread-4 :  : Node : Expression Row Filter : 3:4 : The expression node has not yet been configured. Enter an expression.
2025-03-03 23:21:53,336 : WARN  : comm-pool-thread-4 :  : Node : Expression Row Filter : 3:4 : The expression evaluates to FLOAT| MISSING. It should evaluate to BOOLEAN in order to filter out rows for which the filter expression evaluates to false.
2025-03-03 23:24:57,201 : WARN  : comm-pool-thread-7 :  : Node : Expression Row Filter : 3:4 : Error in Expression: Syntax error in expression at position 24: extraneous input '$' expecting ')'
2025-03-03 23:25:44,767 : WARN  : comm-pool-thread-7 :  : Node : Expression Row Filter : 3:4 : Error in Expression: Typing error in expression at position 0: No function or aggregation with name isMissing.
2025-03-03 23:26:33,296 : WARN  : comm-pool-thread-5 :  : Node : Expression Row Filter : 3:4 : Error in Expression: Syntax error in expression at position 7: mismatched input '(' expecting {<EOF>, '+', '-', '*', '/', '//', '**', '%', '<', '<=', '>', '>=', '=', '==', NOT_EQUAL, 'and', 'or', '??'}
2025-03-03 23:28:53,043 : WARN  : comm-pool-thread-7 :  : Node : Row Filter : 3:5 : At least one filter criterion is needed.
2025-03-03 23:30:54,224 : WARN  : KNIME-Worker-21-Row Filter 3:5 :  : Node : Row Filter : 3:5 : Node created an empty data table.
2025-03-03 23:36:11,957 : WARN  : comm-pool-thread-9 :  : Node : Math Formula : 3:6 : No configuration available
